#
# A fatal error has been detected by the Java Runtime Environment:
#
#  EXCEPTION_ACCESS_VIOLATION (0xc0000005) at pc=0x6d9b16bb, pid=4232, tid=5580
#
# JRE version: 6.0_23-b05
# Java VM: Java HotSpot(TM) Client VM (19.0-b09 mixed mode windows-x86 )
# Problematic frame:
# V  [jvm.dll+0x1116bb]
#
# If you would like to submit a bug report, please visit:
#   http://java.sun.com/webapps/bugreport/crash.jsp
#

---------------  T H R E A D  ---------------

Current thread (0x16b64800):  JavaThread "JDWP Transport Listener: dt_socket" daemon [_thread_in_vm, id=5580, stack(0x16e00000,0x16e50000)]

siginfo: ExceptionCode=0xc0000005, reading address 0x07000000

Registers:
EAX=0x07000000, EBX=0x00000000, ECX=0x000071ee, EDX=0x00000000
ESP=0x16e4f9c0, EBP=0x16e4f9c4, ESI=0x16b64800, EDI=0x00385460
EIP=0x6d9b16bb, EFLAGS=0x00010206

Register to memory mapping:

EAX=0x07000000
0x07000000 is an unallocated location in the heap

EBX=0x00000000
0x00000000 is pointing to unknown location

ECX=0x000071ee
0x000071ee is pointing to unknown location

EDX=0x00000000
0x00000000 is pointing to unknown location

ESP=0x16e4f9c0
0x16e4f9c0 is pointing into the stack for thread: 0x16b64800
"JDWP Transport Listener: dt_socket" daemon prio=6 tid=0x16b64800 nid=0x15cc runnable [0x00000000]
   java.lang.Thread.State: RUNNABLE

EBP=0x16e4f9c4
0x16e4f9c4 is pointing into the stack for thread: 0x16b64800
"JDWP Transport Listener: dt_socket" daemon prio=6 tid=0x16b64800 nid=0x15cc runnable [0x00000000]
   java.lang.Thread.State: RUNNABLE

ESI=0x16b64800
"JDWP Transport Listener: dt_socket" daemon prio=6 tid=0x16b64800 nid=0x15cc runnable [0x00000000]
   java.lang.Thread.State: RUNNABLE

EDI=0x00385460
0x00385460 is pointing to unknown location


Top of Stack: (sp=0x16e4f9c0)
0x16e4f9c0:   16b64800 16e4f9ec 6d9d6ff2 07000000
0x16e4f9d0:   16e4fa70 16e4fa27 16b64800 00000000
0x16e4f9e0:   00000000 00000000 16b64800 16e4fa28
0x16e4f9f0:   6d43976e 00385460 07000000 16e4fa27
0x16e4fa00:   07000000 6d4242c9 07000000 16e4fa27
0x16e4fa10:   00000017 00000000 00000000 0000000a
0x16e4fa20:   00000000 00e4fa48 16e4fa48 6d424434
0x16e4fa30:   00000001 16e4fa64 16e4fc00 6d442b02 

Instructions: (pc=0x6d9b16bb)
0x6d9b16ab:   cc cc cc cc cc 55 8b ec 8b 45 08 85 c0 56 74 25
0x6d9b16bb:   8b 30 85 f6 74 1f 81 fe fe fe fe fe 74 17 8b 46 


Stack: [0x16e00000,0x16e50000],  sp=0x16e4f9c0,  free space=318k
Native frames: (J=compiled Java code, j=interpreted, Vv=VM code, C=native code)
V  [jvm.dll+0x1116bb]
V  [jvm.dll+0x136ff2]
C  [jdwp.dll+0x1976e]
C  [jdwp.dll+0x4434]
C  [jdwp.dll+0x4472]
C  [jdwp.dll+0x17d53]
V  [jvm.dll+0x18843c]
C  [msvcr71.dll+0x9565]
C  [kernel32.dll+0xb729]


---------------  P R O C E S S  ---------------

Java Threads: ( => current thread )
  0x16b81000 JavaThread "Low Memory Detector" daemon [_thread_blocked, id=5360, stack(0x16f40000,0x16f90000)]
  0x16b76000 JavaThread "CompilerThread0" daemon [_thread_blocked, id=3848, stack(0x16ef0000,0x16f40000)]
  0x16b6d800 JavaThread "JDWP Command Reader" daemon [_thread_in_native, id=2032, stack(0x16ea0000,0x16ef0000)]
  0x16b67000 JavaThread "JDWP Event Helper Thread" daemon [_thread_blocked, id=2704, stack(0x16e50000,0x16ea0000)]
=>0x16b64800 JavaThread "JDWP Transport Listener: dt_socket" daemon [_thread_in_vm, id=5580, stack(0x16e00000,0x16e50000)]
  0x16b59400 JavaThread "Attach Listener" daemon [_thread_blocked, id=5364, stack(0x16d10000,0x16d60000)]
  0x16b58000 JavaThread "Signal Dispatcher" daemon [_thread_blocked, id=324, stack(0x16cc0000,0x16d10000)]
  0x16b49400 JavaThread "Finalizer" daemon [_thread_blocked, id=2448, stack(0x16c70000,0x16cc0000)]
  0x16b44c00 JavaThread "Reference Handler" daemon [_thread_blocked, id=5440, stack(0x16c20000,0x16c70000)]
  0x00387800 JavaThread "main" [_thread_in_native, id=5556, stack(0x008c0000,0x00910000)]

Other Threads:
  0x16b42000 VMThread [stack: 0x16bd0000,0x16c20000] [id=4860]
  0x16b83000 WatcherThread [stack: 0x16f90000,0x16fe0000] [id=4984]

VM state:not at safepoint (normal execution)

VM Mutex/Monitor currently owned by a thread: None

Heap
 def new generation   total 4928K, used 2716K [0x02990000, 0x02ee0000, 0x07ee0000)
  eden space 4416K,  61% used [0x02990000, 0x02c371e0, 0x02de0000)
  from space 512K,   0% used [0x02de0000, 0x02de0000, 0x02e60000)
  to   space 512K,   0% used [0x02e60000, 0x02e60000, 0x02ee0000)
 tenured generation   total 10944K, used 0K [0x07ee0000, 0x08990000, 0x12990000)
   the space 10944K,   0% used [0x07ee0000, 0x07ee0000, 0x07ee0200, 0x08990000)
 compacting perm gen  total 12288K, used 4398K [0x12990000, 0x13590000, 0x16990000)
   the space 12288K,  35% used [0x12990000, 0x12ddb828, 0x12ddba00, 0x13590000)
No shared spaces configured.

Dynamic libraries:
0x00400000 - 0x00424000 	C:\Java\bin\javaw.exe
0x7c900000 - 0x7c9b2000 	C:\WINDOWS\system32\ntdll.dll
0x7c800000 - 0x7c8f6000 	C:\WINDOWS\system32\kernel32.dll
0x77dd0000 - 0x77e6b000 	C:\WINDOWS\system32\ADVAPI32.dll
0x77e70000 - 0x77f03000 	C:\WINDOWS\system32\RPCRT4.dll
0x77fe0000 - 0x77ff1000 	C:\WINDOWS\system32\Secur32.dll
0x7e410000 - 0x7e4a1000 	C:\WINDOWS\system32\USER32.dll
0x77f10000 - 0x77f59000 	C:\WINDOWS\system32\GDI32.dll
0x7c340000 - 0x7c396000 	C:\Java\jre\bin\msvcr71.dll
0x6d8a0000 - 0x6db4c000 	C:\Java\jre\bin\client\jvm.dll
0x76b40000 - 0x76b6d000 	C:\WINDOWS\system32\WINMM.dll
0x6d850000 - 0x6d85c000 	C:\Java\jre\bin\verify.dll
0x6d3d0000 - 0x6d3ef000 	C:\Java\jre\bin\java.dll
0x6d330000 - 0x6d338000 	C:\Java\jre\bin\hpi.dll
0x76bf0000 - 0x76bfb000 	C:\WINDOWS\system32\PSAPI.DLL
0x6d420000 - 0x6d449000 	C:\Java\jre\bin\jdwp.dll
0x6d740000 - 0x6d746000 	C:\Java\jre\bin\npt.dll
0x6d890000 - 0x6d89f000 	C:\Java\jre\bin\zip.dll
0x6d2b0000 - 0x6d2b7000 	C:\Java\jre\bin\dt_socket.dll
0x71ab0000 - 0x71ac7000 	C:\WINDOWS\system32\WS2_32.dll
0x77c10000 - 0x77c68000 	C:\WINDOWS\system32\msvcrt.dll
0x71aa0000 - 0x71aa8000 	C:\WINDOWS\system32\WS2HELP.dll
0x71a50000 - 0x71a8f000 	C:\WINDOWS\System32\mswsock.dll
0x76f20000 - 0x76f47000 	C:\WINDOWS\system32\DNSAPI.dll
0x76d60000 - 0x76d79000 	C:\WINDOWS\system32\iphlpapi.dll
0x76fb0000 - 0x76fb8000 	C:\WINDOWS\System32\winrnr.dll
0x76f60000 - 0x76f8c000 	C:\WINDOWS\system32\WLDAP32.dll
0x751d0000 - 0x751ee000 	C:\WINDOWS\system32\wshbth.dll
0x77920000 - 0x77a13000 	C:\WINDOWS\system32\SETUPAPI.dll
0x76fc0000 - 0x76fc6000 	C:\WINDOWS\system32\rasadhlp.dll
0x662b0000 - 0x66308000 	C:\WINDOWS\system32\hnetcfg.dll
0x71a90000 - 0x71a98000 	C:\WINDOWS\System32\wshtcpip.dll
0x6d6b0000 - 0x6d6c3000 	C:\Java\jre\bin\net.dll

VM Arguments:
jvm_args: -agentlib:jdwp=transport=dt_socket,suspend=y,address=localhost:3829 -Dfile.encoding=Cp1252 
java_command: org.jek.misql.Misql -Usa -P -Slocalhost:15500
Launcher Type: SUN_STANDARD

Environment Variables:
JAVA_HOME=C:\Java
CLASSPATH=.;C:\Program Files\Java\jre6\lib\ext\QTJava.zip
PATH=C:\Java\jre\bin;C:/Java/jre6/bin/client;C:/Java/jre6/bin;C:/Java/jre6/lib/i386;S:\syb1550\ASE-15_0\jobscheduler\bin;S:\syb1550\ASE-15_0\dll;S:\syb1550\ASE-15_0\bin;S:\syb1550\DBISQL\bin;S:\syb1550\DataAccess\ADONET\dll;S:\syb1550\DataAccess\ODBC\dll;S:\syb1550\UAF-2_5\bin;S:\syb1550\OCS-15_0\lib3p;S:\syb1550\OCS-15_0\dll;S:\syb1550\OCS-15_0\bin;S:\syb1550\REP-15_5\lib3p\log4cxx\lib;S:\syb1550\REP-15_5\connector\lib;S:\syb1550\REP-15_5\bin;.;C:\WINDOWS\system32;C:\WINDOWS;C:\WINDOWS\System32\Wbem;.;C:\Utilities\cygwin\bin;C:\Home\jek\bin;C:\Home\jek\bin\i386;C:\Java\bin;c:\Program Files\Microsoft SQL Server\90\Tools\binn\;C:\Program Files\QuickTime\QTSystem\;c:\Program Files\Microsoft SQL Server\100\Tools\Binn\;c:\Program Files\Microsoft SQL Server\100\DTS\Binn\;c:\Program Files\Microsoft SQL Server\100\Tools\Binn\VSShell\Common7\IDE\;C:\Utilities\eclipse;
USERNAME=jek
SHELL=C:/UTILIT~1/MKSTOO~1/mksnt/sh.exe
DISPLAY=:0.0
OS=Windows_NT
PROCESSOR_IDENTIFIER=x86 Family 6 Model 15 Stepping 2, GenuineIntel



---------------  S Y S T E M  ---------------

OS: Windows XP Build 2600 Service Pack 3

CPU:total 2 (2 cores per cpu, 1 threads per core) family 6 model 15 stepping 2, cmov, cx8, fxsr, mmx, sse, sse2, sse3, ssse3

Memory: 4k page, physical 3135004k(1235640k free), swap 4279612k(2221168k free)

vm_info: Java HotSpot(TM) Client VM (19.0-b09) for windows-x86 JRE (1.6.0_23-b05), built on Nov 12 2010 15:00:43 by "java_re" with MS VC++ 7.1 (VS2003)

time: Thu Sep 22 17:36:37 2011
elapsed time: 158926 seconds

